Arguments: 
  /Users/franciscosantos/.nvm/versions/node/v14.15.0/bin/node /Users/franciscosantos/.nvm/versions/node/v14.15.0/bin/yarn add handlers.js

PATH: 
  /Users/franciscosantos/code/Francisco-Webdeveloper/Wes-Bos/beginner-javascript/exercises/84 - Web Speech Colour Game/node_modules/.bin:/Users/franciscosantos/code/Francisco-Webdeveloper/Wes-Bos/beginner-javascript/exercises/node_modules/.bin:/Users/franciscosantos/code/Francisco-Webdeveloper/Wes-Bos/beginner-javascript/node_modules/.bin:/Users/franciscosantos/code/Francisco-Webdeveloper/Wes-Bos/node_modules/.bin:/Users/franciscosantos/code/Francisco-Webdeveloper/node_modules/.bin:/Users/franciscosantos/code/node_modules/.bin:/Users/franciscosantos/node_modules/.bin:/Users/node_modules/.bin:/node_modules/.bin:/Users/franciscosantos/.nvm/versions/node/v14.15.0/lib/node_modules/npm/node_modules/@npmcli/run-script/lib/node-gyp-bin:./bin:./node_modules/.bin:/Users/franciscosantos/.nvm/versions/node/v14.15.0/bin:/Users/franciscosantos/.pyenv/bin:/Users/franciscosantos/.rbenv/shims:/Users/franciscosantos/.rbenv/bin:/usr/local/bin:/usr/bin:/bin:/usr/sbin:/sbin:/usr/local/sbin

Yarn version: 
  1.22.10

Node version: 
  14.15.0

Platform: 
  darwin x64

Trace: 
  Error: https://registry.yarnpkg.com/handlers.js: Not found
      at Request.params.callback [as _callback] (/Users/franciscosantos/.nvm/versions/node/v14.15.0/lib/node_modules/yarn/lib/cli.js:66988:18)
      at Request.self.callback (/Users/franciscosantos/.nvm/versions/node/v14.15.0/lib/node_modules/yarn/lib/cli.js:140662:22)
      at Request.emit (events.js:315:20)
      at Request.<anonymous> (/Users/franciscosantos/.nvm/versions/node/v14.15.0/lib/node_modules/yarn/lib/cli.js:141634:10)
      at Request.emit (events.js:315:20)
      at IncomingMessage.<anonymous> (/Users/franciscosantos/.nvm/versions/node/v14.15.0/lib/node_modules/yarn/lib/cli.js:141556:12)
      at Object.onceWrapper (events.js:421:28)
      at IncomingMessage.emit (events.js:327:22)
      at endReadableNT (_stream_readable.js:1327:12)
      at processTicksAndRejections (internal/process/task_queues.js:80:21)

npm manifest: 
  {
    "name": "web-speech-colours",
    "version": "1.0.0",
    "description": "",
    "main": "colors.js",
    "scripts": {
      "start": "parcel index.html"
    },
    "author": "",
    "license": "ISC",
    "browserslist": [
      "last 1 chrome versions"
    ],
    "devDependencies": {
      "parcel-bundler": "^1.12.4"
    }
  }

yarn manifest: 
  No manifest

Lockfile: 
  No lockfile
